0 info it worked if it ends with ok
1 verbose cli [ '/home/austin/.local/bin/node',
1 verbose cli   '/home/austin/.local/bin/npm',
1 verbose cli   'publish' ]
2 info using npm@1.4.28
3 info using node@v0.10.33
4 verbose publish [ '.' ]
5 verbose cache add [ '.', null ]
6 verbose cache add name=undefined spec="." args=[".",null]
7 verbose parsed url { protocol: null,
7 verbose parsed url   slashes: null,
7 verbose parsed url   auth: null,
7 verbose parsed url   host: null,
7 verbose parsed url   port: null,
7 verbose parsed url   hostname: null,
7 verbose parsed url   hash: null,
7 verbose parsed url   search: null,
7 verbose parsed url   query: null,
7 verbose parsed url   pathname: '.',
7 verbose parsed url   path: '.',
7 verbose parsed url   href: '.' }
8 silly lockFile 3a52ce78- .
9 verbose lock . /home/austin/.npm/3a52ce78-.lock
10 verbose tar pack [ '/home/austin/.npm/clay-nps/0.2.2/package.tgz', '.' ]
11 verbose tarball /home/austin/.npm/clay-nps/0.2.2/package.tgz
12 verbose folder .
13 info prepublish clay-nps@0.2.2
14 silly lockFile 1f1177db-tar tar://.
15 verbose lock tar://. /home/austin/.npm/1f1177db-tar.lock
16 silly lockFile b38f4edf-n-npm-clay-nps-0-2-2-package-tgz tar:///home/austin/.npm/clay-nps/0.2.2/package.tgz
17 verbose lock tar:///home/austin/.npm/clay-nps/0.2.2/package.tgz /home/austin/.npm/b38f4edf-n-npm-clay-nps-0-2-2-package-tgz.lock
18 silly lockFile 1f1177db-tar tar://.
19 silly lockFile 1f1177db-tar tar://.
20 silly lockFile b38f4edf-n-npm-clay-nps-0-2-2-package-tgz tar:///home/austin/.npm/clay-nps/0.2.2/package.tgz
21 silly lockFile b38f4edf-n-npm-clay-nps-0-2-2-package-tgz tar:///home/austin/.npm/clay-nps/0.2.2/package.tgz
22 silly lockFile 6d6e5efd-ustin-npm-clay-nps-0-2-2-package /home/austin/.npm/clay-nps/0.2.2/package
23 verbose lock /home/austin/.npm/clay-nps/0.2.2/package /home/austin/.npm/6d6e5efd-ustin-npm-clay-nps-0-2-2-package.lock
24 silly lockFile 6d6e5efd-ustin-npm-clay-nps-0-2-2-package /home/austin/.npm/clay-nps/0.2.2/package
25 silly lockFile 6d6e5efd-ustin-npm-clay-nps-0-2-2-package /home/austin/.npm/clay-nps/0.2.2/package
26 silly lockFile 3a52ce78- .
27 silly lockFile 3a52ce78- .
28 silly publish { name: 'clay-nps',
28 silly publish   version: '0.2.2',
28 silly publish   description: 'core',
28 silly publish   main: 'index.js',
28 silly publish   scripts: { test: 'echo "Error: no test specified" && exit 1' },
28 silly publish   repository:
28 silly publish    { type: 'git',
28 silly publish      url: 'https://github.com/claydotio/clay-nps.git' },
28 silly publish   author: '',
28 silly publish   license: '',
28 silly publish   bugs: { url: 'https://github.com/claydotio/clay-nps/issues' },
28 silly publish   homepage: 'https://github.com/claydotio/clay-nps',
28 silly publish   dependencies:
28 silly publish    { 'clay-environment': '^0.3.0',
28 silly publish      'coffee-script': '^1.9.2',
28 silly publish      lodash: '^3.7.0',
28 silly publish      loga: '^0.1.1',
28 silly publish      'rx-lite': '^2.5.2',
28 silly publish      zorium: '^1.0.0',
28 silly publish      'zorium-paper': '0.4.1' },
28 silly publish   readme: '# clay-nps\n',
28 silly publish   readmeFilename: 'README.md',
28 silly publish   gitHead: '0cf852e530b57a5c33d1a899b602e879640dc421',
28 silly publish   _id: 'clay-nps@0.2.2',
28 silly publish   _shasum: 'db41b6e6ed6ca2f232328fc83a522234f8fbc620',
28 silly publish   _from: '.' }
29 verbose request where is /clay-nps
30 verbose request registry https://registry.npmjs.org/
31 verbose request id 53b1e3528e2d4fff
32 verbose url raw /clay-nps
33 verbose url resolving [ 'https://registry.npmjs.org/', './clay-nps' ]
34 verbose url resolved https://registry.npmjs.org/clay-nps
35 verbose request where is https://registry.npmjs.org/clay-nps
36 info trying registry request attempt 1 at 01:38:10
37 http PUT https://registry.npmjs.org/clay-nps
38 http 403 https://registry.npmjs.org/clay-nps
39 verbose headers { 'content-type': 'application/json',
39 verbose headers   'cache-control': 'max-age=300',
39 verbose headers   'content-length': '95',
39 verbose headers   'accept-ranges': 'bytes',
39 verbose headers   date: 'Wed, 20 Jan 2016 09:38:11 GMT',
39 verbose headers   via: '1.1 varnish',
39 verbose headers   connection: 'keep-alive',
39 verbose headers   'x-served-by': 'cache-lax1435-LAX',
39 verbose headers   'x-cache': 'MISS',
39 verbose headers   'x-cache-hits': '0',
39 verbose headers   'x-timer': 'S1453282691.222644,VS0,VE139' }
40 error publish Failed PUT 403
41 error Error: "You cannot publish over the previously published version 0.2.2." : clay-nps
41 error     at RegClient.<anonymous> (/home/austin/.local/lib/node_modules/npm/node_modules/npm-registry-client/lib/request.js:308:14)
41 error     at Request._callback (/home/austin/.local/lib/node_modules/npm/node_modules/npm-registry-client/lib/request.js:246:65)
41 error     at Request.self.callback (/home/austin/.local/lib/node_modules/npm/node_modules/request/request.js:236:22)
41 error     at Request.emit (events.js:98:17)
41 error     at Request.<anonymous> (/home/austin/.local/lib/node_modules/npm/node_modules/request/request.js:1142:14)
41 error     at Request.emit (events.js:117:20)
41 error     at IncomingMessage.<anonymous> (/home/austin/.local/lib/node_modules/npm/node_modules/request/request.js:1096:12)
41 error     at IncomingMessage.emit (events.js:117:20)
41 error     at _stream_readable.js:943:16
41 error     at process._tickCallback (node.js:419:13)
42 error If you need help, you may report this *entire* log,
42 error including the npm and node versions, at:
42 error     <http://github.com/npm/npm/issues>
43 error System Linux 3.13.0-37-generic
44 error command "/home/austin/.local/bin/node" "/home/austin/.local/bin/npm" "publish"
45 error cwd /home/austin/dev/clay-nps
46 error node -v v0.10.33
47 error npm -v 1.4.28
48 verbose exit [ 1, true ]
